2025-03-28 17:13:47.684191 - Received CBT.V508.FILE1003.PDS from FILE1003.XMI 
2025-03-28 17:13:47.687185 - Found $$$#DATE.txt (text/plain) in CBT.V508.FILE1003.PDS, moved to PDS/$$$#DATE
2025-03-28 17:13:47.688819 - Found $$NOTICE.txt (text/plain) in CBT.V508.FILE1003.PDS, moved to PDS/$$NOTICE
2025-03-28 17:13:47.690921 - Found $PDSLOAD.jcl (text/plain) in CBT.V508.FILE1003.PDS, moved to PDS/$PDSLOAD
2025-03-28 17:13:47.692434 - Found @FIL1003.txt (text/plain) in CBT.V508.FILE1003.PDS, moved to PDS/@FIL1003
2025-03-28 17:13:47.694123 - Found BTXCSCAN.txt (text/plain) in CBT.V508.FILE1003.PDS, moved to PDS/BTXCSCAN
2025-03-28 17:13:47.695260 - Found CLOPS.txt (text/plain) in CBT.V508.FILE1003.PDS, moved to PDS/CLOPS
2025-03-28 17:13:47.696657 - Found CLOPS$.jcl (text/plain) in CBT.V508.FILE1003.PDS, moved to PDS/CLOPS$
2025-03-28 17:13:47.698282 - Found CTFUW.txt (text/plain) in CBT.V508.FILE1003.PDS, moved to PDS/CTFUW
2025-03-28 17:13:47.699538 - Found CTFUW$.jcl (text/plain) in CBT.V508.FILE1003.PDS, moved to PDS/CTFUW$
2025-03-28 17:13:47.700706 - Found CTFUWJ1.jcl (text/plain) in CBT.V508.FILE1003.PDS, moved to PDS/CTFUWJ1
2025-03-28 17:13:47.702163 - Found CTFUWJ2.jcl (text/plain) in CBT.V508.FILE1003.PDS, moved to PDS/CTFUWJ2
2025-03-28 17:13:47.706571 - Found GMDMAC.txt (text/plain) in CBT.V508.FILE1003.PDS, moved to PDS/GMDMAC
2025-03-28 17:13:47.707868 - Found PDSCLR.txt (text/plain) in CBT.V508.FILE1003.PDS, moved to PDS/PDSCLR
2025-03-28 17:13:47.710299 - Found PDSCLR$.jcl (text/plain) in CBT.V508.FILE1003.PDS, moved to PDS/PDSCLR$
2025-03-28 17:13:47.711485 - Found PDSCLRJ1.jcl (text/plain) in CBT.V508.FILE1003.PDS, moved to PDS/PDSCLRJ1
2025-03-28 17:13:47.713039 - Found PDSLOAD.xmi (application/xmit) in CBT.V508.FILE1003.PDS, moved to PDS/PDSLOAD
2025-03-28 17:13:47.719136 - Found TAPESKI$.jcl (text/plain) in CBT.V508.FILE1003.PDS, moved to PDS/TAPESKI$
2025-03-28 17:13:47.721030 - Found TAPESKIM.txt (text/plain) in CBT.V508.FILE1003.PDS, moved to PDS/TAPESKIM
2025-03-28 17:13:47.722283 - Found TAPESKJ1.jcl (text/plain) in CBT.V508.FILE1003.PDS, moved to PDS/TAPESKJ1
